Determining if the include file in6addr.h exists failed with the following output:
Change Dir: /media/sf_vms-shared/workspace/libwebsockets-1.3-chrome37-firefox30/object/CMakeFiles/CMakeTmp

Run Build Command:/usr/bin/make "cmTryCompileExec2452248528/fast"
/usr/bin/make -f CMakeFiles/cmTryCompileExec2452248528.dir/build.make CMakeFiles/cmTryCompileExec2452248528.dir/build
make[1]: Entering directory `/media/sf_vms-shared/workspace/libwebsockets-1.3-chrome37-firefox30/object/CMakeFiles/CMakeTmp'
/usr/bin/cmake -E cmake_progress_report /media/sf_vms-shared/workspace/libwebsockets-1.3-chrome37-firefox30/object/CMakeFiles/CMakeTmp/CMakeFiles 1
Building C object CMakeFiles/cmTryCompileExec2452248528.dir/CheckIncludeFile.c.o
/usr/bin/cc  -DKEYWORD=__inline  -o CMakeFiles/cmTryCompileExec2452248528.dir/CheckIncludeFile.c.o   -c /media/sf_vms-shared/workspace/libwebsockets-1.3-chrome37-firefox30/object/CMakeFiles/CMakeTmp/CheckIncludeFile.c
/media/sf_vms-shared/workspace/libwebsockets-1.3-chrome37-firefox30/object/CMakeFiles/CMakeTmp/CheckIncludeFile.c:1:21: fatal error: in6addr.h: No such file or directory
 #include <in6addr.h>
                     ^
compilation terminated.
make[1]: *** [CMakeFiles/cmTryCompileExec2452248528.dir/CheckIncludeFile.c.o] Error 1
make[1]: Leaving directory `/media/sf_vms-shared/workspace/libwebsockets-1.3-chrome37-firefox30/object/CMakeFiles/CMakeTmp'
make: *** [cmTryCompileExec2452248528/fast] Error 2


Determining if the include file vfork.h exists failed with the following output:
Change Dir: /media/sf_vms-shared/workspace/libwebsockets-1.3-chrome37-firefox30/object/CMakeFiles/CMakeTmp

Run Build Command:/usr/bin/make "cmTryCompileExec2814982989/fast"
/usr/bin/make -f CMakeFiles/cmTryCompileExec2814982989.dir/build.make CMakeFiles/cmTryCompileExec2814982989.dir/build
make[1]: Entering directory `/media/sf_vms-shared/workspace/libwebsockets-1.3-chrome37-firefox30/object/CMakeFiles/CMakeTmp'
/usr/bin/cmake -E cmake_progress_report /media/sf_vms-shared/workspace/libwebsockets-1.3-chrome37-firefox30/object/CMakeFiles/CMakeTmp/CMakeFiles 1
Building C object CMakeFiles/cmTryCompileExec2814982989.dir/CheckIncludeFile.c.o
/usr/bin/cc  -DKEYWORD=__inline  -o CMakeFiles/cmTryCompileExec2814982989.dir/CheckIncludeFile.c.o   -c /media/sf_vms-shared/workspace/libwebsockets-1.3-chrome37-firefox30/object/CMakeFiles/CMakeTmp/CheckIncludeFile.c
/media/sf_vms-shared/workspace/libwebsockets-1.3-chrome37-firefox30/object/CMakeFiles/CMakeTmp/CheckIncludeFile.c:1:19: fatal error: vfork.h: No such file or directory
 #include <vfork.h>
                   ^
compilation terminated.
make[1]: *** [CMakeFiles/cmTryCompileExec2814982989.dir/CheckIncludeFile.c.o] Error 1
make[1]: Leaving directory `/media/sf_vms-shared/workspace/libwebsockets-1.3-chrome37-firefox30/object/CMakeFiles/CMakeTmp'
make: *** [cmTryCompileExec2814982989/fast] Error 2


